<?xml version="1.0" encoding="UTF-8"?>
<!-- Generated by org.testng.reporters.JUnitXMLReporter -->
<testsuite ignored="0" hostname="Enamuls-MacBook-Pro.local" failures="0" tests="11" name="Surefire test" time="6.593" errors="0" timestamp="2024-07-10T18:00:34 EDT">
  <testcase classname="api.AppTest" name="shouldAnswerWithTrue" time="0.007"/>
  <testcase classname="api.test.UserTests" name="testPostUser" time="2.136"/>
  <testcase classname="api.test.UserTests" name="testGetUserByName" time="0.371"/>
  <testcase classname="api.test.UserTests" name="testUpdateUserByUserName" time="0.478"/>
  <testcase classname="api.test.UserTests" name="testDeleteUserByUserName" time="0.225"/>
  <testcase classname="api.test.DDTests" name="testPostuser" time="0.342"/>
  <testcase classname="api.test.DDTests" name="testPostuser" time="0.201"/>
  <testcase classname="api.test.DDTests" name="testPostuser" time="0.199"/>
  <testcase classname="api.test.DDTests" name="testDeleteUserByName" time="0.252"/>
  <testcase classname="api.test.DDTests" name="testDeleteUserByName" time="0.33"/>
  <testcase classname="api.test.DDTests" name="testDeleteUserByName" time="0.207"/>
</testsuite> <!-- Surefire test -->
