<?xml version="1.0" encoding="UTF-8"?>
<testsuite xmlns:xsi="http://www.w3.org/2001/XMLSchema-instance" xsi:noNamespaceSchemaLocation="https://maven.apache.org/surefire/maven-surefire-plugin/xsd/surefire-test-report.xsd" name="TestSuite" time="6.96" tests="11" errors="0" skipped="0" failures="0">
  <properties>
[...]
</properties>
  <testcase name="shouldAnswerWithTrue" classname="api.AppTest" time="0.006"/>
  <testcase name="testPostUser" classname="api.test.UserTests" time="2.137"/>
  <testcase name="testGetUserByName" classname="api.test.UserTests" time="0.371"/>
  <testcase name="testUpdateUserByUserName" classname="api.test.UserTests" time="0.479"/>
  <testcase name="testDeleteUserByUserName" classname="api.test.UserTests" time="0.226"/>
  <testcase name="testPostuser" classname="api.test.DDTests" time="0.343"/>
  <testcase name="testPostuser" classname="api.test.DDTests" time="0.201"/>
  <testcase name="testPostuser" classname="api.test.DDTests" time="0.2"/>
  <testcase name="testDeleteUserByName" classname="api.test.DDTests" time="0.252"/>
  <testcase name="testDeleteUserByName" classname="api.test.DDTests" time="0.33"/>
  <testcase name="testDeleteUserByName" classname="api.test.DDTests" time="0.206"/>
</testsuite>